<html>
<body>
<pre>
<h1>µVision Build Log</h1>
<h2>Project:</h2>
D:\Junior\Embedded\LAB2\Lab22.uvproj
Project File Date:  03/24/2024

<h2>Output:</h2>
Build target 'Target 1'
assembling Lab22.s...
linking...
Program Size: Code=80 RO-data=8 RW-data=0 ZI-data=0  
".\Lab22.axf" - 0 Error(s), 0 Warning(s).
</pre>
</body>
</html>

2.s(37): error: A1114E: Expected register relative expression
Lab22.s(40): error: A1114E: Expected register relative expression
Lab22.s(69): warning: A1447W: Missing END directive at end of file, but found a label named END
".\Lab22.axf" - 4 Error(s), 1 Warning(s).
Target not created
